<?xml version="1.0" encoding="UTF-8"?>
<!-- Generated by org.testng.reporters.JUnitXMLReporter -->
<testsuite ignored="1" hostname="ITEM-S147831" failures="0" tests="2" name="Default test" time="45.581" errors="0" timestamp="2025-05-11T18:14:53 IST">
  <testcase classname="testSuit.TC02_UserLoginAndLogout" name="test" time="5.529"/>
  <testcase classname="testSuit.TC01_RegisterNewUser" name="test" time="24.772"/>
  <testcase classname="base.BaseClass" name="@BeforeSuite fun_testPreReq" time="0.0">
    <ignored/>
  </testcase> <!-- @BeforeSuite fun_testPreReq -->
</testsuite> <!-- Default test -->
