<?xml version="1.0" encoding="UTF-8"?>
<!-- Generated by org.testng.reporters.JUnitXMLReporter -->
<testsuite ignored="1" hostname="ITEM-S147831" failures="0" tests="2" name="UserFlowTests" time="48.633" errors="0" timestamp="2025-05-11T18:16:12 IST">
  <testcase classname="testSuit.TC01_RegisterNewUser" name="test" time="26.827"/>
  <testcase classname="testSuit.TC02_UserLoginAndLogout" name="test" time="6.477"/>
  <testcase classname="base.BaseClass" name="@BeforeSuite fun_testPreReq" time="0.0">
    <ignored/>
  </testcase> <!-- @BeforeSuite fun_testPreReq -->
</testsuite> <!-- UserFlowTests -->
