<?xml version="1.0" encoding="UTF-8"?>
<!-- Generated by org.testng.reporters.JUnitXMLReporter -->
<testsuite ignored="0" hostname="ITEM-S147831" failures="1" tests="4" name="UserFlowTests" time="32.279" errors="0" timestamp="2025-04-19T14:51:11 IST">
  <testcase classname="testSuit.TC01_RegisterNewUser" name="test" time="4.161"/>
  <testcase classname="testSuit.TC02_UserLoginAndLogout" name="f" time="0.123"/>
  <testcase classname="testSuit.TC03_CreateAndDelCreatedUser" name="f" time="0.123"/>
  <testcase classname="testSuit.TC04_SearchProducts" name="SerachProducts" time="7.655">
    <failure type="java.lang.AssertionError" message="null">
      <![CDATA[java.lang.AssertionError: null
at utils.ReportLogger.fun_logWithStepNoAndScreenshot(ReportLogger.java:24)
at testSuit.TC04_SearchProducts.SerachProducts(TC04_SearchProducts.java:26)
at java.base/java.util.ArrayList.forEach(ArrayList.java:1597)
... Removed 27 stack frames]]>
    </failure>
  </testcase> <!-- SerachProducts -->
</testsuite> <!-- UserFlowTests -->
