<?xml version="1.0" encoding="UTF-8"?>
<testng-results ignored="0" total="1" passed="1" failed="0" skipped="0">
  <reporter-output>
  </reporter-output>
  <suite started-at="2025-04-18T17:09:46 IST" name="Default suite" finished-at="2025-04-18T17:10:22 IST" duration-ms="35726">
    <groups>
    </groups>
    <test started-at="2025-04-18T17:09:46 IST" name="Default test" finished-at="2025-04-18T17:10:22 IST" duration-ms="35726">
      <class name="testSuit.TC04_SearchProducts">
        <test-method is-config="true" signature="fun_loadConfig()[pri:0, instance:testSuit.TC04_SearchProducts@56cdfb3b]" started-at="2025-04-18T17:09:46 IST" name="fun_loadConfig" finished-at="2025-04-18T17:09:46 IST" duration-ms="8" status="PASS">
          <reporter-output>
          </reporter-output>
        </test-method> <!-- fun_loadConfig -->
        <test-method is-config="true" signature="fun_setUp()[pri:0, instance:testSuit.TC04_SearchProducts@56cdfb3b]" started-at="2025-04-18T17:09:46 IST" name="fun_setUp" finished-at="2025-04-18T17:09:51 IST" duration-ms="4248" status="PASS">
          <reporter-output>
          </reporter-output>
        </test-method> <!-- fun_setUp -->
        <test-method signature="SerachProducts()[pri:0, instance:testSuit.TC04_SearchProducts@56cdfb3b]" started-at="2025-04-18T17:09:51 IST" name="SerachProducts" finished-at="2025-04-18T17:10:22 IST" duration-ms="31191" status="PASS">
          <reporter-output>
          </reporter-output>
        </test-method> <!-- SerachProducts -->
        <test-method is-config="true" signature="fun_tearDown()[pri:0, instance:testSuit.TC04_SearchProducts@56cdfb3b]" started-at="2025-04-18T17:10:22 IST" name="fun_tearDown" finished-at="2025-04-18T17:10:22 IST" duration-ms="259" status="PASS">
          <reporter-output>
          </reporter-output>
        </test-method> <!-- fun_tearDown -->
      </class> <!-- testSuit.TC04_SearchProducts -->
    </test> <!-- Default test -->
  </suite> <!-- Default suite -->
</testng-results>
